<?xml version="1.0" encoding="UTF-8"?>
<testng-results ignored="1" total="3" passed="1" failed="1" skipped="0">
  <reporter-output>
  </reporter-output>
  <suite started-at="2022-02-23T11:51:29Z" name="Default suite" finished-at="2022-02-23T11:52:18Z" duration-ms="48461">
    <groups>
    </groups>
    <test started-at="2022-02-23T11:51:29Z" name="Default test" finished-at="2022-02-23T11:52:18Z" duration-ms="48461">
      <class name="in.co.mercuryTravel.tests.MercuryTravelTestcases">
        <test-method is-config="true" signature="preSetup()[pri:0, instance:in.co.mercuryTravel.tests.MercuryTravelTestcases@73e9cf30]" started-at="2022-02-23T11:51:29Z" name="preSetup" finished-at="2022-02-23T11:51:29Z" duration-ms="173" status="PASS">
          <reporter-output>
          </reporter-output>
        </test-method> <!-- preSetup -->
        <test-method is-config="true" signature="setup()[pri:0, instance:in.co.mercuryTravel.tests.MercuryTravelTestcases@73e9cf30]" started-at="2022-02-23T11:51:29Z" name="setup" finished-at="2022-02-23T11:51:37Z" duration-ms="7634" status="PASS">
          <reporter-output>
          </reporter-output>
        </test-method> <!-- setup -->
        <test-method signature="verifyUserLoginWithCorrectCredentials(java.lang.String, java.lang.String, java.lang.String)[pri:0, instance:in.co.mercuryTravel.tests.MercuryTravelTestcases@73e9cf30]" started-at="2022-02-23T11:51:38Z" name="verifyUserLoginWithCorrectCredentials" data-provider="getUserData" finished-at="2022-02-23T11:51:48Z" duration-ms="10380" status="PASS">
          <params>
            <param index="0">
              <value>
                <![CDATA[saurabh.d2106@gmail.com]]>
              </value>
            </param>
            <param index="1">
              <value>
                <![CDATA[Pro@1234]]>
              </value>
            </param>
            <param index="2">
              <value>
                <![CDATA[Welcome, Saurabh]]>
              </value>
            </param>
          </params>
          <reporter-output>
          </reporter-output>
        </test-method> <!-- verifyUserLoginWithCorrectCredentials -->
        <test-method is-config="true" signature="afterMethod(org.testng.ITestResult)[pri:0, instance:in.co.mercuryTravel.tests.MercuryTravelTestcases@73e9cf30]" started-at="2022-02-23T11:51:48Z" name="afterMethod" finished-at="2022-02-23T11:51:48Z" duration-ms="3" status="PASS">
          <params>
            <param index="0">
              <value>
                <![CDATA[[TestResult name=verifyUserLoginWithCorrectCredentials status=SUCCESS method=MercuryTravelTestcases.verifyUserLoginWithCorrectCredentials(java.lang.String, java.lang.String, java.lang.String)[pri:0, instance:in.co.mercuryTravel.tests.MercuryTravelTestcases@73e9cf30] output={null}]]]>
              </value>
            </param>
          </params>
          <reporter-output>
          </reporter-output>
        </test-method> <!-- afterMethod -->
        <test-method signature="verifyUserLoginWithCorrectCredentials(java.lang.String, java.lang.String, java.lang.String)[pri:0, instance:in.co.mercuryTravel.tests.MercuryTravelTestcases@73e9cf30]" started-at="2022-02-23T11:51:48Z" name="verifyUserLoginWithCorrectCredentials" data-provider="getUserData" finished-at="2022-02-23T11:52:17Z" duration-ms="28753" status="FAIL">
          <params>
            <param index="0">
              <value>
                <![CDATA[saurabh.d2106@gmail.com]]>
              </value>
            </param>
            <param index="1">
              <value>
                <![CDATA[Pro@1235]]>
              </value>
            </param>
            <param index="2">
              <value>
                <![CDATA[Welcome, Saurabh]]>
              </value>
            </param>
          </params>
          <exception class="org.openqa.selenium.NoSuchElementException">
            <message>
              <![CDATA[no such element: Unable to locate element: {"method":"partial link text","selector":"Welcome,"}
  (Session info: chrome=98.0.4758.102)
For documentation on this error, please visit: https://www.seleniumhq.org/exceptions/no_such_element.html
Build info: version: '3.141.59', revision: 'e82be7d358', time: '2018-11-14T08:17:03'
System info: host: 'Saurabhs-MacBook-Pro.local', ip: 'fe80:0:0:0:85a:53fc:51fe:e65c%en0', os.name: 'Mac OS X', os.arch: 'x86_64', os.version: '11.4', java.version: '17.0.1'
Driver info: org.openqa.selenium.chrome.ChromeDriver
Capabilities {acceptInsecureCerts: false, browserName: chrome, browserVersion: 98.0.4758.102, chrome: {chromedriverVersion: 97.0.4692.71 (adefa7837d02a..., userDataDir: /var/folders/5n/t83sd42x5rn...}, goog:chromeOptions: {debuggerAddress: localhost:54525}, javascriptEnabled: true, networkConnectionEnabled: false, pageLoadStrategy: normal, platform: MAC, platformName: MAC, proxy: Proxy(), setWindowRect: true, strictFileInteractability: false, timeouts: {implicit: 0, pageLoad: 300000, script: 30000}, unhandledPromptBehavior: dismiss and notify, webauthn:extension:credBlob: true, webauthn:extension:largeBlob: true, webauthn:virtualAuthenticators: true}
Session ID: 8b775c358735ad804209dc187fcf8f52
*** Element info: {Using=partial link text, value=Welcome,}]]>
            </message>
            <full-stacktrace>
              <![CDATA[org.openqa.selenium.NoSuchElementException: no such element: Unable to locate element: {"method":"partial link text","selector":"Welcome,"}
  (Session info: chrome=98.0.4758.102)
For documentation on this error, please visit: https://www.seleniumhq.org/exceptions/no_such_element.html
Build info: version: '3.141.59', revision: 'e82be7d358', time: '2018-11-14T08:17:03'
System info: host: 'Saurabhs-MacBook-Pro.local', ip: 'fe80:0:0:0:85a:53fc:51fe:e65c%en0', os.name: 'Mac OS X', os.arch: 'x86_64', os.version: '11.4', java.version: '17.0.1'
Driver info: org.openqa.selenium.chrome.ChromeDriver
Capabilities {acceptInsecureCerts: false, browserName: chrome, browserVersion: 98.0.4758.102, chrome: {chromedriverVersion: 97.0.4692.71 (adefa7837d02a..., userDataDir: /var/folders/5n/t83sd42x5rn...}, goog:chromeOptions: {debuggerAddress: localhost:54525}, javascriptEnabled: true, networkConnectionEnabled: false, pageLoadStrategy: normal, platform: MAC, platformName: MAC, proxy: Proxy(), setWindowRect: true, strictFileInteractability: false, timeouts: {implicit: 0, pageLoad: 300000, script: 30000}, unhandledPromptBehavior: dismiss and notify, webauthn:extension:credBlob: true, webauthn:extension:largeBlob: true, webauthn:virtualAuthenticators: true}
Session ID: 8b775c358735ad804209dc187fcf8f52
*** Element info: {Using=partial link text, value=Welcome,}
at java.base/jdk.internal.reflect.NativeConstructorAccessorImpl.newInstance0(Native Method)
at java.base/jdk.internal.reflect.NativeConstructorAccessorImpl.newInstance(NativeConstructorAccessorImpl.java:77)
at java.base/jdk.internal.reflect.DelegatingConstructorAccessorImpl.newInstance(DelegatingConstructorAccessorImpl.java:45)
at java.base/java.lang.reflect.Constructor.newInstanceWithCaller(Constructor.java:499)
at java.base/java.lang.reflect.Constructor.newInstance(Constructor.java:480)
at org.openqa.selenium.remote.http.W3CHttpResponseCodec.createException(W3CHttpResponseCodec.java:187)
at org.openqa.selenium.remote.http.W3CHttpResponseCodec.decode(W3CHttpResponseCodec.java:122)
at org.openqa.selenium.remote.http.W3CHttpResponseCodec.decode(W3CHttpResponseCodec.java:49)
at org.openqa.selenium.remote.HttpCommandExecutor.execute(HttpCommandExecutor.java:158)
at org.openqa.selenium.remote.service.DriverCommandExecutor.execute(DriverCommandExecutor.java:83)
at org.openqa.selenium.remote.RemoteWebDriver.execute(RemoteWebDriver.java:552)
at org.openqa.selenium.remote.RemoteWebDriver.findElement(RemoteWebDriver.java:323)
at org.openqa.selenium.remote.RemoteWebDriver.findElementByPartialLinkText(RemoteWebDriver.java:388)
at org.openqa.selenium.By$ByPartialLinkText.findElement(By.java:250)
at org.openqa.selenium.remote.RemoteWebDriver.findElement(RemoteWebDriver.java:315)
at org.openqa.selenium.support.pagefactory.DefaultElementLocator.findElement(DefaultElementLocator.java:69)
at org.openqa.selenium.support.pagefactory.internal.LocatingElementHandler.invoke(LocatingElementHandler.java:38)
at jdk.proxy2/jdk.proxy2.$Proxy15.getText(Unknown Source)
at commonLibs.implementation.CommonElement.getText(CommonElement.java:12)
at in.co.mercuryTravel.pages.HomePage.getWelcomeMessage(HomePage.java:79)
at in.co.mercuryTravel.tests.MercuryTravelTestcases.verifyUserLoginWithCorrectCredentials(MercuryTravelTestcases.java:50)
at java.base/jdk.internal.reflect.NativeMethodAccessorImpl.invoke0(Native Method)
at java.base/jdk.internal.reflect.NativeMethodAccessorImpl.invoke(NativeMethodAccessorImpl.java:77)
at java.base/jdk.internal.reflect.DelegatingMethodAccessorImpl.invoke(DelegatingMethodAccessorImpl.java:43)
at java.base/java.lang.reflect.Method.invoke(Method.java:568)
at org.testng.internal.MethodInvocationHelper.invokeMethod(MethodInvocationHelper.java:124)
at org.testng.internal.Invoker.invokeMethod(Invoker.java:583)
at org.testng.internal.Invoker.invokeTestMethod(Invoker.java:719)
at org.testng.internal.Invoker.invokeTestMethods(Invoker.java:989)
at org.testng.internal.TestMethodWorker.invokeTestMethods(TestMethodWorker.java:125)
at org.testng.internal.TestMethodWorker.run(TestMethodWorker.java:109)
at org.testng.TestRunner.privateRun(TestRunner.java:648)
at org.testng.TestRunner.run(TestRunner.java:505)
at org.testng.SuiteRunner.runTest(SuiteRunner.java:455)
at org.testng.SuiteRunner.runSequentially(SuiteRunner.java:450)
at org.testng.SuiteRunner.privateRun(SuiteRunner.java:415)
at org.testng.SuiteRunner.run(SuiteRunner.java:364)
at org.testng.SuiteRunnerWorker.runSuite(SuiteRunnerWorker.java:52)
at org.testng.SuiteRunnerWorker.run(SuiteRunnerWorker.java:84)
at org.testng.TestNG.runSuitesSequentially(TestNG.java:1208)
at org.testng.TestNG.runSuitesLocally(TestNG.java:1137)
at org.testng.TestNG.runSuites(TestNG.java:1049)
at org.testng.TestNG.run(TestNG.java:1017)
at org.testng.remote.AbstractRemoteTestNG.run(AbstractRemoteTestNG.java:115)
at org.testng.remote.RemoteTestNG.initAndRun(RemoteTestNG.java:251)
at org.testng.remote.RemoteTestNG.main(RemoteTestNG.java:77)
]]>
            </full-stacktrace>
          </exception> <!-- org.openqa.selenium.NoSuchElementException -->
          <reporter-output>
          </reporter-output>
        </test-method> <!-- verifyUserLoginWithCorrectCredentials -->
        <test-method is-config="true" signature="afterMethod(org.testng.ITestResult)[pri:0, instance:in.co.mercuryTravel.tests.MercuryTravelTestcases@73e9cf30]" started-at="2022-02-23T11:52:17Z" name="afterMethod" finished-at="2022-02-23T11:52:18Z" duration-ms="747" status="PASS">
          <params>
            <param index="0">
              <value>
                <![CDATA[[TestResult name=verifyUserLoginWithCorrectCredentials status=FAILURE method=MercuryTravelTestcases.verifyUserLoginWithCorrectCredentials(java.lang.String, java.lang.String, java.lang.String)[pri:0, instance:in.co.mercuryTravel.tests.MercuryTravelTestcases@73e9cf30] output={null}]]]>
              </value>
            </param>
          </params>
          <reporter-output>
          </reporter-output>
        </test-method> <!-- afterMethod -->
        <test-method is-config="true" signature="cleanUp()[pri:0, instance:in.co.mercuryTravel.tests.MercuryTravelTestcases@73e9cf30]" started-at="2022-02-23T11:52:18Z" name="cleanUp" finished-at="2022-02-23T11:52:18Z" duration-ms="116" status="PASS">
          <reporter-output>
          </reporter-output>
        </test-method> <!-- cleanUp -->
        <test-method is-config="true" signature="postCleanUp()[pri:0, instance:in.co.mercuryTravel.tests.MercuryTravelTestcases@73e9cf30]" started-at="2022-02-23T11:52:18Z" name="postCleanUp" finished-at="2022-02-23T11:52:19Z" duration-ms="400" status="PASS">
          <reporter-output>
          </reporter-output>
        </test-method> <!-- postCleanUp -->
      </class> <!-- in.co.mercuryTravel.tests.MercuryTravelTestcases -->
    </test> <!-- Default test -->
  </suite> <!-- Default suite -->
</testng-results>
