<?xml version="1.0" encoding="UTF-8"?>
<!-- Generated by org.testng.reporters.JUnitXMLReporter -->
<testsuite hostname="DESKTOP-R0QK2O8" ignored="0" name="Regression Test" tests="1" failures="1" timestamp="19 Apr 2020 15:38:47 GMT" time="24.544" errors="0">
  <testcase name="verifyUserLoginWithCorrectCredentials" time="8.551" classname="in.co.mercuryTravel.tests.MercuryTravelTestcases">
    <failure type="java.lang.AssertionError" message="expected [Welcome, Saurabh 1] but found [Welcome, Saurabh]">
      <![CDATA[java.lang.AssertionError: expected [Welcome, Saurabh 1] but found [Welcome, Saurabh]
at in.co.mercuryTravel.tests.MercuryTravelTestcases.verifyUserLoginWithCorrectCredentials(MercuryTravelTestcases.java:28)
... Removed 31 stack frames]]>
    </failure>
  </testcase> <!-- verifyUserLoginWithCorrectCredentials -->
</testsuite> <!-- Regression Test -->
